<?xml version="1.0" encoding="UTF-8"?>
<!-- Generated by org.testng.reporters.JUnitReportReporter -->
<testsuite hostname="DDC5-L-138M035" failures="1" tests="1" name="Selenide_WebandMobile.WebPlusMobile.setUpdevice" time="80.677" errors="0" timestamp="2025-04-06T14:20:15 IST" skipped="0">
  <testcase classname="Selenide_WebandMobile.WebPlusMobile.setUpdevice" name="initialize" time="80.677">
    <failure message="Element not found {By.xpath: (//android.widget.TextView[@text=&quot;Google Pixel 4&quot;])[2]}
Expected: visible
Screenshot: file:/C:/Users/dabeer.haider/eclipse-workspace/WebPlusMobile/build/reports/tests/1743929413530.0.png
Page source: file:/C:/Users/dabeer.haider/eclipse-workspace/WebPlusMobile/build/reports/tests/1743929413530.0.xml
Timeout: 60 s.
Caused by: NoSuchElementException: An element could not be located on the page using the given search parameters." type="com.codeborne.selenide.ex.ElementNotFound">
      <![CDATA[Element not found {By.xpath: (//android.widget.TextView[@text="Google Pixel 4"])[2]}
Expected: visible
Screenshot: file:/C:/Users/dabeer.haider/eclipse-workspace/WebPlusMobile/build/reports/tests/1743929413530.0.png
Page source: file:/C:/Users/dabeer.haider/eclipse-workspace/WebPlusMobile/build/reports/tests/1743929413530.0.xml
Timeout: 60 s.
Caused by: NoSuchElementException: An element could not be located on the page using the given search parameters.
at com.codeborne.selenide.impl.WebElementSource.createElementNotFoundError(WebElementSource.java:68)
at com.codeborne.selenide.impl.ElementFinder.createElementNotFoundError(ElementFinder.java:122)
at com.codeborne.selenide.impl.WebElementSource.handleError(WebElementSource.java:119)
at com.codeborne.selenide.impl.WebElementSource.checkConditionAndReturnElement(WebElementSource.java:102)
at com.codeborne.selenide.impl.WebElementSource.checkCondition(WebElementSource.java:78)
at com.codeborne.selenide.commands.Should.execute(Should.java:24)
at com.codeborne.selenide.FluentCommand.execute(FluentCommand.java:27)
at com.codeborne.selenide.FluentCommand.execute(FluentCommand.java:19)
at com.codeborne.selenide.commands.Commands.execute(Commands.java:160)
at com.codeborne.selenide.impl.SelenideElementProxy.dispatchAndRetry(SelenideElementProxy.java:131)
at com.codeborne.selenide.impl.SelenideElementProxy.invoke(SelenideElementProxy.java:83)
at jdk.proxy2/jdk.proxy2.$Proxy7.should(Unknown Source)
at Selenide_WebandMobile.WebPlusMobile.setUpdevice.initialize(setUpdevice.java:47)
at java.base/jdk.internal.reflect.NativeMethodAccessorImpl.invoke0(Native Method)
at java.base/jdk.internal.reflect.NativeMethodAccessorImpl.invoke(NativeMethodAccessorImpl.java:77)
at java.base/jdk.internal.reflect.DelegatingMethodAccessorImpl.invoke(DelegatingMethodAccessorImpl.java:43)
at java.base/java.lang.reflect.Method.invoke(Method.java:568)
at org.testng.internal.invokers.MethodInvocationHelper.invokeMethod(MethodInvocationHelper.java:141)
at org.testng.internal.invokers.TestInvoker.invokeMethod(TestInvoker.java:686)
at org.testng.internal.invokers.TestInvoker.invokeTestMethod(TestInvoker.java:230)
at org.testng.internal.invokers.MethodRunner.runInSequence(MethodRunner.java:63)
at org.testng.internal.invokers.TestInvoker$MethodInvocationAgent.invoke(TestInvoker.java:992)
at org.testng.internal.invokers.TestInvoker.invokeTestMethods(TestInvoker.java:203)
at org.testng.internal.invokers.TestMethodWorker.invokeTestMethods(TestMethodWorker.java:154)
at org.testng.internal.invokers.TestMethodWorker.run(TestMethodWorker.java:134)
at java.base/java.util.ArrayList.forEach(ArrayList.java:1511)
at org.testng.TestRunner.privateRun(TestRunner.java:739)
at org.testng.TestRunner.run(TestRunner.java:614)
at org.testng.SuiteRunner.runTest(SuiteRunner.java:421)
at org.testng.SuiteRunner.runSequentially(SuiteRunner.java:413)
at org.testng.SuiteRunner.privateRun(SuiteRunner.java:373)
at org.testng.SuiteRunner.run(SuiteRunner.java:312)
at org.testng.SuiteRunnerWorker.runSuite(SuiteRunnerWorker.java:52)
at org.testng.SuiteRunnerWorker.run(SuiteRunnerWorker.java:95)
at org.testng.TestNG.runSuitesSequentially(TestNG.java:1274)
at org.testng.TestNG.runSuitesLocally(TestNG.java:1208)
at org.testng.TestNG.runSuites(TestNG.java:1112)
at org.testng.TestNG.run(TestNG.java:1079)
at org.testng.remote.AbstractRemoteTestNG.run(AbstractRemoteTestNG.java:115)
at org.testng.remote.RemoteTestNG.initAndRun(RemoteTestNG.java:293)
at org.testng.remote.RemoteTestNG.main(RemoteTestNG.java:91)
Caused by: org.openqa.selenium.NoSuchElementException: An element could not be located on the page using the given search parameters.
For documentation on this error, please visit: https://www.selenium.dev/documentation/webdriver/troubleshooting/errors#no-such-element-exception
Build info: version: '4.29.0', revision: '5fc1ec94cb'
System info: os.name: 'Windows 11', os.arch: 'amd64', os.version: '10.0', java.version: '17.0.2'
Driver info: io.appium.java_client.android.AndroidDriver
Command: [2a180d95-2f0e-49ce-bb1e-6a0b6f59a11d, findElement {using=xpath, value=(//android.widget.TextView[@text="Google Pixel 4"])[2]}]
Capabilities {appium:app: C:\Users\dabeer.haider\ecli..., appium:appActivity: com.saucelabs.mydemoapp.rn...., appium:appPackage: com.saucelabs.mydemoapp.rn, appium:automationName: UIAutomator2, appium:databaseEnabled: false, appium:desired: {app: C:\Users\dabeer.haider\ecli..., automationName: UIAutomator2, deviceName: adb-RZCW906GF1T-mYjDhu._adb..., fullReset: false, platformName: ANDROID}, appium:deviceApiLevel: 34, appium:deviceManufacturer: samsung, appium:deviceModel: SM-M146B, appium:deviceName: adb-RZCW906GF1T-mYjDhu._adb..., appium:deviceScreenDensity: 450, appium:deviceScreenSize: 1080x2408, appium:deviceUDID: adb-RZCW906GF1T-mYjDhu._adb..., appium:fullReset: false, appium:javascriptEnabled: true, appium:locationContextEnabled: false, appium:networkConnectionEnabled: true, appium:pixelRatio: 2.8125, appium:platformVersion: 14, appium:statBarHeight: 64, appium:takesScreenshot: true, appium:viewportRect: {height: 2344, left: 0, top: 64, width: 1080}, appium:warnings: {}, appium:webStorageEnabled: false, platformName: ANDROID}
Session ID: 2a180d95-2f0e-49ce-bb1e-6a0b6f59a11d
at jdk.internal.reflect.GeneratedConstructorAccessor11.newInstance(Unknown Source)
at java.base/jdk.internal.reflect.DelegatingConstructorAccessorImpl.newInstance(DelegatingConstructorAccessorImpl.java:45)
at java.base/java.lang.reflect.Constructor.newInstanceWithCaller(Constructor.java:499)
at java.base/java.lang.reflect.Constructor.newInstance(Constructor.java:480)
at org.openqa.selenium.remote.ErrorCodec.decode(ErrorCodec.java:167)
at org.openqa.selenium.remote.codec.w3c.W3CHttpResponseCodec.decode(W3CHttpResponseCodec.java:138)
at org.openqa.selenium.remote.codec.w3c.W3CHttpResponseCodec.decode(W3CHttpResponseCodec.java:50)
at org.openqa.selenium.remote.HttpCommandExecutor.execute(HttpCommandExecutor.java:215)
at io.appium.java_client.remote.AppiumCommandExecutor.execute(AppiumCommandExecutor.java:243)
at org.openqa.selenium.remote.RemoteWebDriver.execute(RemoteWebDriver.java:545)
at org.openqa.selenium.remote.ElementLocation$ElementFinder$2.findElement(ElementLocation.java:165)
at org.openqa.selenium.remote.ElementLocation.findElement(ElementLocation.java:59)
at org.openqa.selenium.remote.RemoteWebDriver.findElement(RemoteWebDriver.java:368)
at org.openqa.selenium.remote.RemoteWebDriver.findElement(RemoteWebDriver.java:362)
at com.codeborne.selenide.impl.WebElementSelector.findElement(WebElementSelector.java:64)
at com.codeborne.selenide.impl.WebElementSelector.findElement(WebElementSelector.java:39)
at com.codeborne.selenide.impl.WebElementSelector.findElement(WebElementSelector.java:30)
at com.codeborne.selenide.impl.ElementFinder.getWebElement(ElementFinder.java:106)
at com.codeborne.selenide.impl.WebElementSource.checkConditionAndReturnElement(WebElementSource.java:91)
... 37 more
]]>
    </failure>
  </testcase> <!-- initialize -->
</testsuite> <!-- Selenide_WebandMobile.WebPlusMobile.setUpdevice -->
